FUNCTION CALL: evaluate_paths()

Path Evaluation Summary
┌────────────────────────────────────────────────────── Path 1 ───────────────────────────────────────────────────────┐
│ Score: 70/100                                                                                                       │
│ Reasoning: Path 1                                                                                                   │
└─────────────────────────────────────────────────────────────────────────────────────────────────────────────────────┘
┌────────────────────────────────────────────────────── Path 2 ───────────────────────────────────────────────────────┐
│ Score: 70/100                                                                                                       │
│ Reasoning: Path 2                                                                                                   │
└─────────────────────────────────────────────────────────────────────────────────────────────────────────────────────┘
┌────────────────────────────────────────────────────── Path 3 ───────────────────────────────────────────────────────┐
│ Score: 70/100                                                                                                       │
│ Reasoning: Path 3                                                                                                   │
└─────────────────────────────────────────────────────────────────────────────────────────────────────────────────────┘
┌──────────────────────────────────────────────────── Best Option ────────────────────────────────────────────────────┐
│ Recommended Path: Path 1                                                                                            │
│ Score: 70                                                                                                           │
└─────────────────────────────────────────────────────────────────────────────────────────────────────────────────────┘
FUNCTION CALL: show_reasoning()
┌────────────────────────────────────────────────────── Step 1 ───────────────────────────────────────────────────────┐
│ Calculate the sum of 23 and 7                                                                                       │
└─────────────────────────────────────────────────────────────────────────────────────────────────────────────────────┘
┌────────────────────────────────────────────────────── Step 2 ───────────────────────────────────────────────────────┐
│ 23 + 7 = 30                                                                                                         │
└─────────────────────────────────────────────────────────────────────────────────────────────────────────────────────┘
┌────────────────────────────────────────────────────── Step 3 ───────────────────────────────────────────────────────┐
│ Calculate the difference between 15 and 8                                                                           │
└─────────────────────────────────────────────────────────────────────────────────────────────────────────────────────┘
┌────────────────────────────────────────────────────── Step 4 ───────────────────────────────────────────────────────┐
│ 15 - 8 = 7                                                                                                          │
└─────────────────────────────────────────────────────────────────────────────────────────────────────────────────────┘
┌────────────────────────────────────────────────────── Step 5 ───────────────────────────────────────────────────────┐
│ Multiply the results of the addition and subtraction                                                                │
└─────────────────────────────────────────────────────────────────────────────────────────────────────────────────────┘
┌────────────────────────────────────────────────────── Step 6 ───────────────────────────────────────────────────────┐
│ 30 * 7 = 210                                                                                                        │
└─────────────────────────────────────────────────────────────────────────────────────────────────────────────────────┘
FUNCTION CALL: calculate()
Expression: 
Error: invalid syntax (<string>, line 0)
FUNCTION CALL: verify()
Verifying:  = 0.0
Error: invalid syntax (<string>, line 0)
FUNCTION CALL: calculate()
Expression: 23 + 7
Result: 30
FUNCTION CALL: verify()
Verifying: 23 + 7 = 30.0
✓ Correct! 23 + 7 = 30.0
FUNCTION CALL: calculate()
Expression: 
Error: invalid syntax (<string>, line 0)
FUNCTION CALL: verify()
Verifying:  = 0.0
Error: invalid syntax (<string>, line 0)
FUNCTION CALL: calculate()
Expression: 15 - 8
Result: 7
FUNCTION CALL: verify()
Verifying: 15 - 8 = 7.0
✓ Correct! 15 - 8 = 7.0
FUNCTION CALL: calculate()
Expression: 
Error: invalid syntax (<string>, line 0)
FUNCTION CALL: verify()
Verifying:  = 0.0
Error: invalid syntax (<string>, line 0)
FUNCTION CALL: calculate()
Expression: 30 * 7
Result: 210
FUNCTION CALL: verify()
Verifying: 30 * 7 = 210.0
✓ Correct! 30 * 7 = 210.0
